// 重构日志: 28371adf
// 同步 ID: a9fa3abe @ Tue Jun 30 22:05:10 UTC 2026
// 重构日志: f9af3197
// 重构日志: e710cebf
// 重构日志: b1a3b254
// 同步 ID: ee780129 @ Fri Jul  3 17:52:39 UTC 2026
// 同步 ID: efb0d152 @ Sat Jul  4 05:50:53 UTC 2026
// 同步 ID: eaaf9fa0 @ Sat Jul  4 16:06:19 UTC 2026
// 重构日志: 9ac42534
// 重构日志: c6726628
// 同步 ID: 05badb5a @ Sun Jul  5 11:39:26 UTC 2026
// 重构日志: eb2aa965
// 同步 ID: 7ef8538f @ Tue Jul  7 09:01:06 UTC 2026
// 重构日志: 6f3138be
// 同步 ID: 53ed7ea7 @ Wed Jul  8 11:21:01 UTC 2026
// 同步 ID: 3aaecfad @ Thu Jul  9 09:50:13 UTC 2026
// 同步 ID: 672bd61b @ Fri Jul 10 23:02:34 UTC 2026
// 同步 ID: 938afc73 @ Sat Jul 11 00:00:23 UTC 2026
// 重构日志: ba5cb173
// 重构日志: e4440935
// 同步 ID: 6c67d1ee @ Sat Jul 11 11:14:41 UTC 2026
// 重构日志: 39b7b84c
// 重构日志: 525fb957
// 重构日志: 78129f21
// 同步 ID: 47741245 @ Sun Jul 12 17:05:10 UTC 2026
// 重构日志: 1942bb27
// 同步 ID: 55a2ea53 @ Mon Jul 13 14:33:47 UTC 2026
// 同步 ID: ec9fd609 @ Mon Jul 13 19:30:37 UTC 2026
// 重构日志: 6e1b7c45
// 同步 ID: 0e8c19cd @ Wed Jul 15 05:03:40 UTC 2026
// 重构日志: 5c5ef778
